<?xml version="1.0" encoding="UTF-8"?>
<testng-results skipped="0" failed="0" ignored="0" total="1" passed="1">
  <reporter-output>
  </reporter-output>
  <suite name="Default suite" duration-ms="30977" started-at="2020-11-30T23:21:24 IST" finished-at="2020-11-30T23:21:55 IST">
    <groups>
    </groups>
    <test name="Default test" duration-ms="30977" started-at="2020-11-30T23:21:24 IST" finished-at="2020-11-30T23:21:55 IST">
      <class name="SeleniumDemo.Demo2Sel">
        <test-method status="PASS" signature="setupTour()[pri:0, instance:SeleniumDemo.Demo2Sel@6f03482]" name="setupTour" duration-ms="30908" started-at="2020-11-30T23:21:24 IST" finished-at="2020-11-30T23:21:55 IST">
          <reporter-output>
          </reporter-output>
        </test-method> <!-- setupTour -->
      </class> <!-- SeleniumDemo.Demo2Sel -->
    </test> <!-- Default test -->
  </suite> <!-- Default suite -->
</testng-results>
